app/build/outputs/logs/manifest-merger-debug-report.txt
-- Merging decision tree log ---
manifest
ADDED from src/main/AndroidManifest.xml:17:1-82:12
	package
		ADDED from src/main/AndroidManifest.xml:18:5-33
		INJECTED from src/main/AndroidManifest.xml
		INJECTED from src/main/AndroidManifest.xml
	android:versionName
		ADDED from src/main/AndroidManifest.xml:20:5-30
	android:versionCode
		ADDED from src/main/AndroidManifest.xml:19:5-28
		INJECTED from src/main/AndroidManifest.xml
		INJECTED from src/main/AndroidManifest.xml
	xmlns:android
		ADDED from src/main/AndroidManifest.xml:17:11-69
uses-sdk
ADDED from src/main/AndroidManifest.xml:22:5-24:41
	android:targetSdkVersion
		ADDED from src/main/AndroidManifest.xml:24:9-38
		INJECTED from src/main/AndroidManifest.xml
		INJECTED from src/main/AndroidManifest.xml
	android:minSdkVersion
		ADDED from src/main/AndroidManifest.xml:23:9-35
		INJECTED from src/main/AndroidManifest.xml
		INJECTED from src/main/AndroidManifest.xml
uses-feature#android.hardware.bluetooth_le
ADDED from src/main/AndroidManifest.xml:31:5-33:35
	android:required
		ADDED from src/main/AndroidManifest.xml:33:9-32
	android:name
		ADDED from src/main/AndroidManifest.xml:32:9-53
uses-permission#android.permission.BLUETOOTH
ADDED from src/main/AndroidManifest.xml:35:5-68
	android:name
		ADDED from src/main/AndroidManifest.xml:35:22-65
uses-permission#android.permission.BLUETOOTH_ADMIN
ADDED from src/main/AndroidManifest.xml:36:5-74
	android:name
		ADDED from src/main/AndroidManifest.xml:36:22-71
uses-permission#android.permission.ACCESS_COARSE_LOCATION
ADDED from src/main/AndroidManifest.xml:37:5-81
	android:name
		ADDED from src/main/AndroidManifest.xml:37:22-78
uses-permission#android.permission.ACCESS_FINE_LOCATION
ADDED from src/main/AndroidManifest.xml:38:5-79
	android:name
		ADDED from src/main/AndroidManifest.xml:38:22-76
uses-permission#android.permission.WRITE_EXTERNAL_STORAGE
ADDED from src/main/AndroidManifest.xml:39:5-81
	android:name
		ADDED from src/main/AndroidManifest.xml:39:22-78
uses-permission#android.permission.INTERNET
ADDED from src/main/AndroidManifest.xml:40:5-67
	android:name
		ADDED from src/main/AndroidManifest.xml:40:22-64
uses-permission#android.permission.READ_EXTERNAL_STORAGE
ADDED from src/main/AndroidManifest.xml:41:5-80
	android:name
		ADDED from src/main/AndroidManifest.xml:41:22-77
uses-permission#android.permission.READ_INTERNAL_STORAGE
ADDED from src/main/AndroidManifest.xml:42:5-80
	android:name
		ADDED from src/main/AndroidManifest.xml:42:22-77
uses-permission#android.permission.ACCESS_NETWORK_STATE
ADDED from src/main/AndroidManifest.xml:43:5-79
	android:name
		ADDED from src/main/AndroidManifest.xml:43:22-76
uses-permission#android.permission.WAKE_LOCK
ADDED from src/main/AndroidManifest.xml:44:5-68
	android:name
		ADDED from src/main/AndroidManifest.xml:44:22-65
application
ADDED from src/main/AndroidManifest.xml:46:5-80:19
	android:label
		ADDED from src/main/AndroidManifest.xml:49:9-41
	android:allowBackup
		ADDED from src/main/AndroidManifest.xml:47:9-35
	android:icon
		ADDED from src/main/AndroidManifest.xml:48:9-45
	android:theme
		ADDED from src/main/AndroidManifest.xml:50:9-50
activity#pro.apus.bleconnect.DeviceScanActivity
ADDED from src/main/AndroidManifest.xml:51:9-58:20
	android:label
		ADDED from src/main/AndroidManifest.xml:53:13-45
	android:name
		ADDED from src/main/AndroidManifest.xml:52:13-66
intent-filter#android.intent.action.MAIN+android.intent.category.LAUNCHER
ADDED from src/main/AndroidManifest.xml:54:13-57:29
action#android.intent.action.MAIN
ADDED from src/main/AndroidManifest.xml:55:17-69
	android:name
		ADDED from src/main/AndroidManifest.xml:55:25-66
category#android.intent.category.LAUNCHER
ADDED from src/main/AndroidManifest.xml:56:17-77
	android:name
		ADDED from src/main/AndroidManifest.xml:56:27-74
activity#pro.apus.bleconnect.DeviceControlActivity
ADDED from src/main/AndroidManifest.xml:59:9-60:76
	android:configChanges
		ADDED from src/main/AndroidManifest.xml:60:13-74
	android:name
		ADDED from src/main/AndroidManifest.xml:59:19-75
activity#com.dropbox.client2.android.AuthActivity
ADDED from src/main/AndroidManifest.xml:61:9-75:20
	android:launchMode
		ADDED from src/main/AndroidManifest.xml:64:13-44
	android:configChanges
		ADDED from src/main/AndroidManifest.xml:63:13-57
	android:name
		ADDED from src/main/AndroidManifest.xml:62:13-68
intent-filter#android.intent.action.VIEW+android.intent.category.BROWSABLE+android.intent.category.DEFAULT
ADDED from src/main/AndroidManifest.xml:65:13-74:29
data
ADDED from src/main/AndroidManifest.xml:68:17-61
	android:scheme
		ADDED from src/main/AndroidManifest.xml:68:23-58
action#android.intent.action.VIEW
ADDED from src/main/AndroidManifest.xml:70:17-69
	android:name
		ADDED from src/main/AndroidManifest.xml:70:25-66
category#android.intent.category.BROWSABLE
ADDED from src/main/AndroidManifest.xml:72:17-78
	android:name
		ADDED from src/main/AndroidManifest.xml:72:27-75
category#android.intent.category.DEFAULT
ADDED from src/main/AndroidManifest.xml:73:17-76
	android:name
		ADDED from src/main/AndroidManifest.xml:73:27-73
service#pro.apus.bleconnect.BluetoothLeService
ADDED from src/main/AndroidManifest.xml:77:9-79:38
	android:enabled
		ADDED from src/main/AndroidManifest.xml:79:13-35
	android:name
		ADDED from src/main/AndroidManifest.xml:78:13-66